#! /c/Source/iverilog-install/bin/vvp
:ivl_version "12.0 (devel)" "(s20150603-1539-g2693dd32b)";
:ivl_delay_selection "TYPICAL";
:vpi_time_precision + 0;
:vpi_module "D:\PROGRAMAS\iverilog\lib\ivl\system.vpi";
:vpi_module "D:\PROGRAMAS\iverilog\lib\ivl\vhdl_sys.vpi";
:vpi_module "D:\PROGRAMAS\iverilog\lib\ivl\vhdl_textio.vpi";
:vpi_module "D:\PROGRAMAS\iverilog\lib\ivl\v2005_math.vpi";
:vpi_module "D:\PROGRAMAS\iverilog\lib\ivl\va_math.vpi";
S_000001db9c40bca0 .scope module, "sensor_finish" "sensor_finish" 2 1;
 .timescale 0 0;
    .port_info 0 /INPUT 1 "mclk";
    .port_info 1 /INPUT 1 "sensor_clk";
    .port_info 2 /OUTPUT 1 "es_verde";
    .port_info 3 /OUTPUT 1 "es_rojo";
    .port_info 4 /OUTPUT 1 "es_otro";
    .port_info 5 /OUTPUT 2 "filtro_sel";
P_000001db9c409000 .param/l "max" 0 2 23, +C4<00000001011111010111100001000000>;
v000001db9c40a550_0 .var "color_detectado", 2 0;
v000001db9c422910_0 .var "counter", 31 0;
v000001db9c40a390_0 .var "counter_timer", 31 0;
v000001db9c40a1d0_0 .net "es_otro", 0 0, L_000001db9c4e4a70;  1 drivers
v000001db9c40a010_0 .net "es_rojo", 0 0, L_000001db9c4544c0;  1 drivers
v000001db9c4541a0_0 .net "es_verde", 0 0, L_000001db9c4e49d0;  1 drivers
L_000001db9c49c018 .functor BUFT 1, C4<00>, C4<0>, C4<0>, C4<0>;
v000001db9c454240_0 .net "filtro_sel", 1 0, L_000001db9c49c018;  1 drivers
o000001db9c45b0f8 .functor BUFZ 1, C4<z>; HiZ drive
v000001db9c4542e0_0 .net "mclk", 0 0, o000001db9c45b0f8;  0 drivers
v000001db9c454380_0 .var "periodo", 31 0;
o000001db9c45b158 .functor BUFZ 1, C4<z>; HiZ drive
v000001db9c454420_0 .net "sensor_clk", 0 0, o000001db9c45b158;  0 drivers
E_000001db9c4083c0 .event posedge, v000001db9c4542e0_0;
L_000001db9c4544c0 .part v000001db9c40a550_0, 2, 1;
L_000001db9c4e49d0 .part v000001db9c40a550_0, 1, 1;
L_000001db9c4e4a70 .part v000001db9c40a550_0, 0, 1;
    .scope S_000001db9c40bca0;
T_0 ;
    %pushi/vec4 0, 0, 32;
    %store/vec4 v000001db9c454380_0, 0, 32;
    %pushi/vec4 0, 0, 32;
    %store/vec4 v000001db9c422910_0, 0, 32;
    %pushi/vec4 0, 0, 32;
    %store/vec4 v000001db9c40a390_0, 0, 32;
    %end;
    .thread T_0;
    .scope S_000001db9c40bca0;
T_1 ;
    %wait E_000001db9c4083c0;
    %load/vec4 v000001db9c454420_0;
    %flag_set/vec4 8;
    %jmp/0xz  T_1.0, 8;
    %load/vec4 v000001db9c422910_0;
    %addi 1, 0, 32;
    %assign/vec4 v000001db9c422910_0, 0;
    %jmp T_1.1;
T_1.0 ;
    %load/vec4 v000001db9c422910_0;
    %cmpi/ne 0, 0, 32;
    %jmp/0xz  T_1.2, 4;
    %load/vec4 v000001db9c422910_0;
    %assign/vec4 v000001db9c454380_0, 0;
T_1.2 ;
    %pushi/vec4 0, 0, 32;
    %assign/vec4 v000001db9c422910_0, 0;
T_1.1 ;
    %jmp T_1;
    .thread T_1;
    .scope S_000001db9c40bca0;
T_2 ;
    %wait E_000001db9c4083c0;
    %load/vec4 v000001db9c40a390_0;
    %cmpi/u 25000000, 0, 32;
    %flag_inv 5; GE is !LT
    %jmp/0xz  T_2.0, 5;
    %pushi/vec4 0, 0, 32;
    %assign/vec4 v000001db9c40a390_0, 0;
    %load/vec4 v000001db9c454380_0;
    %cmpi/u 18000, 0, 32;
    %flag_or 5, 4; GT is !LE
    %flag_inv 5;
    %flag_get/vec4 5;
    %jmp/0 T_2.4, 5;
    %load/vec4 v000001db9c454380_0;
    %cmpi/u 23000, 0, 32;
    %flag_get/vec4 5;
    %and;
T_2.4;
    %flag_set/vec4 8;
    %jmp/0xz  T_2.2, 8;
    %pushi/vec4 4, 0, 3;
    %assign/vec4 v000001db9c40a550_0, 0;
    %jmp T_2.3;
T_2.2 ;
    %load/vec4 v000001db9c454380_0;
    %cmpi/u 10400, 0, 32;
    %flag_or 5, 4; GT is !LE
    %flag_inv 5;
    %flag_get/vec4 5;
    %jmp/0 T_2.7, 5;
    %load/vec4 v000001db9c454380_0;
    %cmpi/u 17900, 0, 32;
    %flag_get/vec4 5;
    %and;
T_2.7;
    %flag_set/vec4 8;
    %jmp/0xz  T_2.5, 8;
    %pushi/vec4 2, 0, 3;
    %assign/vec4 v000001db9c40a550_0, 0;
    %jmp T_2.6;
T_2.5 ;
    %pushi/vec4 1, 0, 3;
    %assign/vec4 v000001db9c40a550_0, 0;
T_2.6 ;
T_2.3 ;
    %jmp T_2.1;
T_2.0 ;
    %load/vec4 v000001db9c40a390_0;
    %addi 1, 0, 32;
    %assign/vec4 v000001db9c40a390_0, 0;
T_2.1 ;
    %jmp T_2;
    .thread T_2;
# The file index is used to find the file name in the following table.
:file_names 3;
    "N/A";
    "<interactive>";
    "sensor_finish.v";
