#! /c/Source/iverilog-install/bin/vvp
:ivl_version "12.0 (devel)" "(s20150603-1539-g2693dd32b)";
:ivl_delay_selection "TYPICAL";
:vpi_time_precision + 0;
:vpi_module "D:\PROGRAMAS\iverilog\lib\ivl\system.vpi";
:vpi_module "D:\PROGRAMAS\iverilog\lib\ivl\vhdl_sys.vpi";
:vpi_module "D:\PROGRAMAS\iverilog\lib\ivl\vhdl_textio.vpi";
:vpi_module "D:\PROGRAMAS\iverilog\lib\ivl\v2005_math.vpi";
:vpi_module "D:\PROGRAMAS\iverilog\lib\ivl\va_math.vpi";
S_000001cb1b8b2620 .scope module, "servomotor_finish" "servomotor_finish" 2 1;
 .timescale 0 0;
    .port_info 0 /INPUT 1 "clk";
    .port_info 1 /INPUT 1 "state";
    .port_info 2 /OUTPUT 1 "pwm_out";
P_000001cb1b8b27b0 .param/l "CLK_FREQ" 0 2 11, +C4<00000001011111010111100001000000>;
P_000001cb1b8b27e8 .param/l "PULSE_0" 0 2 14, +C4<00000000000000000110000110101000>;
P_000001cb1b8b2820 .param/l "PULSE_90" 0 2 13, +C4<00000000000000001100001101010000>;
P_000001cb1b8b2858 .param/l "PWM_PERIOD" 0 2 12, +C4<00000000000001111010000100100000>;
P_000001cb1b8b2890 .param/l "WAIT_TIME" 0 2 15, +C4<00000100011110000110100011000000>;
o000001cb1b8e7f78 .functor BUFZ 1, C4<z>; HiZ drive
v000001cb1b8b2db0_0 .net "clk", 0 0, o000001cb1b8e7f78;  0 drivers
v000001cb1b89bd50_0 .var "pwm_counter", 31 0;
v000001cb1b8b28d0_0 .var "pwm_out", 0 0;
o000001cb1b8e8008 .functor BUFZ 1, C4<z>; HiZ drive
v000001cb1b8e3180_0 .net "state", 0 0, o000001cb1b8e8008;  0 drivers
v000001cb1b8e3220_0 .var "wait_counter", 31 0;
E_000001cb1b89cd40 .event posedge, v000001cb1b8b2db0_0;
    .scope S_000001cb1b8b2620;
T_0 ;
    %pushi/vec4 0, 0, 32;
    %store/vec4 v000001cb1b89bd50_0, 0, 32;
    %pushi/vec4 0, 0, 32;
    %store/vec4 v000001cb1b8e3220_0, 0, 32;
    %end;
    .thread T_0;
    .scope S_000001cb1b8b2620;
T_1 ;
    %wait E_000001cb1b89cd40;
    %load/vec4 v000001cb1b89bd50_0;
    %cmpi/u 500000, 0, 32;
    %flag_inv 5; GE is !LT
    %jmp/0xz  T_1.0, 5;
    %pushi/vec4 0, 0, 32;
    %assign/vec4 v000001cb1b89bd50_0, 0;
    %jmp T_1.1;
T_1.0 ;
    %load/vec4 v000001cb1b89bd50_0;
    %addi 1, 0, 32;
    %assign/vec4 v000001cb1b89bd50_0, 0;
T_1.1 ;
    %load/vec4 v000001cb1b8e3180_0;
    %dup/vec4;
    %pushi/vec4 0, 0, 1;
    %cmp/u;
    %jmp/1 T_1.2, 6;
    %dup/vec4;
    %pushi/vec4 1, 0, 1;
    %cmp/u;
    %jmp/1 T_1.3, 6;
    %jmp T_1.4;
T_1.2 ;
    %load/vec4 v000001cb1b89bd50_0;
    %cmpi/u 50000, 0, 32;
    %flag_or 5, 4;
    %jmp/0xz  T_1.5, 5;
    %pushi/vec4 1, 0, 1;
    %assign/vec4 v000001cb1b8b28d0_0, 0;
    %jmp T_1.6;
T_1.5 ;
    %pushi/vec4 0, 0, 1;
    %assign/vec4 v000001cb1b8b28d0_0, 0;
T_1.6 ;
    %jmp T_1.4;
T_1.3 ;
    %load/vec4 v000001cb1b89bd50_0;
    %cmpi/u 25000, 0, 32;
    %flag_or 5, 4;
    %jmp/0xz  T_1.7, 5;
    %pushi/vec4 1, 0, 1;
    %assign/vec4 v000001cb1b8b28d0_0, 0;
    %jmp T_1.8;
T_1.7 ;
    %pushi/vec4 0, 0, 1;
    %assign/vec4 v000001cb1b8b28d0_0, 0;
T_1.8 ;
    %jmp T_1.4;
T_1.4 ;
    %pop/vec4 1;
    %jmp T_1;
    .thread T_1;
# The file index is used to find the file name in the following table.
:file_names 3;
    "N/A";
    "<interactive>";
    "servomotor_finish.v";
