#! /c/Source/iverilog-install/bin/vvp
:ivl_version "12.0 (devel)" "(s20150603-1539-g2693dd32b)";
:ivl_delay_selection "TYPICAL";
:vpi_time_precision + 0;
:vpi_module "D:\PROGRAMAS\iverilog\lib\ivl\system.vpi";
:vpi_module "D:\PROGRAMAS\iverilog\lib\ivl\vhdl_sys.vpi";
:vpi_module "D:\PROGRAMAS\iverilog\lib\ivl\vhdl_textio.vpi";
:vpi_module "D:\PROGRAMAS\iverilog\lib\ivl\v2005_math.vpi";
:vpi_module "D:\PROGRAMAS\iverilog\lib\ivl\va_math.vpi";
S_000002261e380e90 .scope module, "top" "top" 2 4;
 .timescale 0 0;
    .port_info 0 /INPUT 1 "mclk";
    .port_info 1 /INPUT 1 "sensor_clk";
    .port_info 2 /INPUT 1 "detecto";
    .port_info 3 /OUTPUT 2 "filtro_sel";
    .port_info 4 /OUTPUT 1 "pwm_out1";
    .port_info 5 /OUTPUT 1 "pwm_out2";
P_000002261e36dd80 .param/l "max_contador" 0 2 21, C4<00000010111110101111000010000000>;
v000002261e3dd3e0_0 .var "cont_iniciado", 0 0;
v000002261e3dcc60_0 .var "contador_main", 31 0;
o000002261e3895b8 .functor BUFZ 1, C4<z>; HiZ drive
v000002261e3dd200_0 .net "detecto", 0 0, o000002261e3895b8;  0 drivers
v000002261e3dd480_0 .net "es_otro", 0 0, L_000002261e427440;  1 drivers
v000002261e3dcbc0_0 .net "es_rojo", 0 0, L_000002261e3dce40;  1 drivers
v000002261e3dd020_0 .net "es_verde", 0 0, L_000002261e3dd340;  1 drivers
v000002261e3dcee0_0 .var "estado_servos", 1 0;
L_000002261e3dd868 .functor BUFT 1, C4<00>, C4<0>, C4<0>, C4<0>;
v000002261e3dd520_0 .net "filtro_sel", 1 0, L_000002261e3dd868;  1 drivers
o000002261e389108 .functor BUFZ 1, C4<z>; HiZ drive
v000002261e3dd2a0_0 .net "mclk", 0 0, o000002261e389108;  0 drivers
v000002261e3dd160_0 .net "pwm_out1", 0 0, v000002261e3dcf80_0;  1 drivers
v000002261e3dcd00_0 .net "pwm_out2", 0 0, v000002261e3dc9e0_0;  1 drivers
o000002261e389168 .functor BUFZ 1, C4<z>; HiZ drive
v000002261e3dcda0_0 .net "sensor_clk", 0 0, o000002261e389168;  0 drivers
L_000002261e426a40 .part v000002261e3dcee0_0, 0, 1;
L_000002261e4274e0 .part v000002261e3dcee0_0, 1, 1;
S_000002261e381020 .scope module, "sensor" "sensor_finish" 2 24, 3 1 0, S_000002261e380e90;
 .timescale 0 0;
    .port_info 0 /INPUT 1 "mclk";
    .port_info 1 /INPUT 1 "sensor_clk";
    .port_info 2 /OUTPUT 1 "es_verde";
    .port_info 3 /OUTPUT 1 "es_rojo";
    .port_info 4 /OUTPUT 1 "es_otro";
    .port_info 5 /OUTPUT 2 "filtro_sel";
P_000002261e36d840 .param/l "max" 0 3 23, +C4<00000001011111010111100001000000>;
v000002261e36f210_0 .var "color_detectado", 2 0;
v000002261e36e0c0_0 .var "counter", 31 0;
v000002261e369f40_0 .var "counter_timer", 31 0;
v000002261e342df0_0 .net "es_otro", 0 0, L_000002261e427440;  alias, 1 drivers
v000002261e342550_0 .net "es_rojo", 0 0, L_000002261e3dce40;  alias, 1 drivers
v000002261e3425f0_0 .net "es_verde", 0 0, L_000002261e3dd340;  alias, 1 drivers
v000002261e342690_0 .net "filtro_sel", 1 0, L_000002261e3dd868;  alias, 1 drivers
v000002261e342730_0 .net "mclk", 0 0, o000002261e389108;  alias, 0 drivers
v000002261e3427d0_0 .var "periodo", 31 0;
v000002261e3dc940_0 .net "sensor_clk", 0 0, o000002261e389168;  alias, 0 drivers
E_000002261e36d8c0 .event posedge, v000002261e342730_0;
L_000002261e3dce40 .part v000002261e36f210_0, 2, 1;
L_000002261e3dd340 .part v000002261e36f210_0, 1, 1;
L_000002261e427440 .part v000002261e36f210_0, 0, 1;
S_000002261e342870 .scope module, "servo1" "servomotor_finish" 2 34, 4 1 0, S_000002261e380e90;
 .timescale 0 0;
    .port_info 0 /INPUT 1 "clk";
    .port_info 1 /INPUT 1 "state";
    .port_info 2 /OUTPUT 1 "pwm_out";
P_000002261e367ef0 .param/l "CLK_FREQ" 0 4 11, +C4<00000001011111010111100001000000>;
P_000002261e367f28 .param/l "PULSE_0" 0 4 14, +C4<00000000000000000110000110101000>;
P_000002261e367f60 .param/l "PULSE_90" 0 4 13, +C4<00000000000000001100001101010000>;
P_000002261e367f98 .param/l "PWM_PERIOD" 0 4 12, +C4<00000000000001111010000100100000>;
P_000002261e367fd0 .param/l "WAIT_TIME" 0 4 15, +C4<00000100011110000110100011000000>;
v000002261e3dca80_0 .net "clk", 0 0, o000002261e389108;  alias, 0 drivers
v000002261e3dd5c0_0 .var "pwm_counter", 31 0;
v000002261e3dcf80_0 .var "pwm_out", 0 0;
v000002261e3dd660_0 .net "state", 0 0, L_000002261e426a40;  1 drivers
v000002261e3dd700_0 .var "wait_counter", 31 0;
S_000002261e3743d0 .scope module, "servo2" "servomotor_finish" 2 39, 4 1 0, S_000002261e380e90;
 .timescale 0 0;
    .port_info 0 /INPUT 1 "clk";
    .port_info 1 /INPUT 1 "state";
    .port_info 2 /OUTPUT 1 "pwm_out";
P_000002261e366f30 .param/l "CLK_FREQ" 0 4 11, +C4<00000001011111010111100001000000>;
P_000002261e366f68 .param/l "PULSE_0" 0 4 14, +C4<00000000000000000110000110101000>;
P_000002261e366fa0 .param/l "PULSE_90" 0 4 13, +C4<00000000000000001100001101010000>;
P_000002261e366fd8 .param/l "PWM_PERIOD" 0 4 12, +C4<00000000000001111010000100100000>;
P_000002261e367010 .param/l "WAIT_TIME" 0 4 15, +C4<00000100011110000110100011000000>;
v000002261e3dc8a0_0 .net "clk", 0 0, o000002261e389108;  alias, 0 drivers
v000002261e3dd7a0_0 .var "pwm_counter", 31 0;
v000002261e3dc9e0_0 .var "pwm_out", 0 0;
v000002261e3dd0c0_0 .net "state", 0 0, L_000002261e4274e0;  1 drivers
v000002261e3dcb20_0 .var "wait_counter", 31 0;
    .scope S_000002261e381020;
T_0 ;
    %pushi/vec4 0, 0, 32;
    %store/vec4 v000002261e3427d0_0, 0, 32;
    %pushi/vec4 0, 0, 32;
    %store/vec4 v000002261e36e0c0_0, 0, 32;
    %pushi/vec4 0, 0, 32;
    %store/vec4 v000002261e369f40_0, 0, 32;
    %end;
    .thread T_0;
    .scope S_000002261e381020;
T_1 ;
    %wait E_000002261e36d8c0;
    %load/vec4 v000002261e3dc940_0;
    %flag_set/vec4 8;
    %jmp/0xz  T_1.0, 8;
    %load/vec4 v000002261e36e0c0_0;
    %addi 1, 0, 32;
    %assign/vec4 v000002261e36e0c0_0, 0;
    %jmp T_1.1;
T_1.0 ;
    %load/vec4 v000002261e36e0c0_0;
    %cmpi/ne 0, 0, 32;
    %jmp/0xz  T_1.2, 4;
    %load/vec4 v000002261e36e0c0_0;
    %assign/vec4 v000002261e3427d0_0, 0;
T_1.2 ;
    %pushi/vec4 0, 0, 32;
    %assign/vec4 v000002261e36e0c0_0, 0;
T_1.1 ;
    %jmp T_1;
    .thread T_1;
    .scope S_000002261e381020;
T_2 ;
    %wait E_000002261e36d8c0;
    %load/vec4 v000002261e369f40_0;
    %cmpi/u 25000000, 0, 32;
    %flag_inv 5; GE is !LT
    %jmp/0xz  T_2.0, 5;
    %pushi/vec4 0, 0, 32;
    %assign/vec4 v000002261e369f40_0, 0;
    %load/vec4 v000002261e3427d0_0;
    %cmpi/u 18000, 0, 32;
    %flag_or 5, 4; GT is !LE
    %flag_inv 5;
    %flag_get/vec4 5;
    %jmp/0 T_2.4, 5;
    %load/vec4 v000002261e3427d0_0;
    %cmpi/u 23000, 0, 32;
    %flag_get/vec4 5;
    %and;
T_2.4;
    %flag_set/vec4 8;
    %jmp/0xz  T_2.2, 8;
    %pushi/vec4 4, 0, 3;
    %assign/vec4 v000002261e36f210_0, 0;
    %jmp T_2.3;
T_2.2 ;
    %load/vec4 v000002261e3427d0_0;
    %cmpi/u 10400, 0, 32;
    %flag_or 5, 4; GT is !LE
    %flag_inv 5;
    %flag_get/vec4 5;
    %jmp/0 T_2.7, 5;
    %load/vec4 v000002261e3427d0_0;
    %cmpi/u 17900, 0, 32;
    %flag_get/vec4 5;
    %and;
T_2.7;
    %flag_set/vec4 8;
    %jmp/0xz  T_2.5, 8;
    %pushi/vec4 2, 0, 3;
    %assign/vec4 v000002261e36f210_0, 0;
    %jmp T_2.6;
T_2.5 ;
    %pushi/vec4 1, 0, 3;
    %assign/vec4 v000002261e36f210_0, 0;
T_2.6 ;
T_2.3 ;
    %jmp T_2.1;
T_2.0 ;
    %load/vec4 v000002261e369f40_0;
    %addi 1, 0, 32;
    %assign/vec4 v000002261e369f40_0, 0;
T_2.1 ;
    %jmp T_2;
    .thread T_2;
    .scope S_000002261e342870;
T_3 ;
    %pushi/vec4 0, 0, 32;
    %store/vec4 v000002261e3dd5c0_0, 0, 32;
    %pushi/vec4 0, 0, 32;
    %store/vec4 v000002261e3dd700_0, 0, 32;
    %end;
    .thread T_3;
    .scope S_000002261e342870;
T_4 ;
    %wait E_000002261e36d8c0;
    %load/vec4 v000002261e3dd5c0_0;
    %cmpi/u 500000, 0, 32;
    %flag_inv 5; GE is !LT
    %jmp/0xz  T_4.0, 5;
    %pushi/vec4 0, 0, 32;
    %assign/vec4 v000002261e3dd5c0_0, 0;
    %jmp T_4.1;
T_4.0 ;
    %load/vec4 v000002261e3dd5c0_0;
    %addi 1, 0, 32;
    %assign/vec4 v000002261e3dd5c0_0, 0;
T_4.1 ;
    %load/vec4 v000002261e3dd660_0;
    %dup/vec4;
    %pushi/vec4 0, 0, 1;
    %cmp/u;
    %jmp/1 T_4.2, 6;
    %dup/vec4;
    %pushi/vec4 1, 0, 1;
    %cmp/u;
    %jmp/1 T_4.3, 6;
    %jmp T_4.4;
T_4.2 ;
    %load/vec4 v000002261e3dd5c0_0;
    %cmpi/u 50000, 0, 32;
    %flag_or 5, 4;
    %jmp/0xz  T_4.5, 5;
    %pushi/vec4 1, 0, 1;
    %assign/vec4 v000002261e3dcf80_0, 0;
    %jmp T_4.6;
T_4.5 ;
    %pushi/vec4 0, 0, 1;
    %assign/vec4 v000002261e3dcf80_0, 0;
T_4.6 ;
    %jmp T_4.4;
T_4.3 ;
    %load/vec4 v000002261e3dd5c0_0;
    %cmpi/u 25000, 0, 32;
    %flag_or 5, 4;
    %jmp/0xz  T_4.7, 5;
    %pushi/vec4 1, 0, 1;
    %assign/vec4 v000002261e3dcf80_0, 0;
    %jmp T_4.8;
T_4.7 ;
    %pushi/vec4 0, 0, 1;
    %assign/vec4 v000002261e3dcf80_0, 0;
T_4.8 ;
    %jmp T_4.4;
T_4.4 ;
    %pop/vec4 1;
    %jmp T_4;
    .thread T_4;
    .scope S_000002261e3743d0;
T_5 ;
    %pushi/vec4 0, 0, 32;
    %store/vec4 v000002261e3dd7a0_0, 0, 32;
    %pushi/vec4 0, 0, 32;
    %store/vec4 v000002261e3dcb20_0, 0, 32;
    %end;
    .thread T_5;
    .scope S_000002261e3743d0;
T_6 ;
    %wait E_000002261e36d8c0;
    %load/vec4 v000002261e3dd7a0_0;
    %cmpi/u 500000, 0, 32;
    %flag_inv 5; GE is !LT
    %jmp/0xz  T_6.0, 5;
    %pushi/vec4 0, 0, 32;
    %assign/vec4 v000002261e3dd7a0_0, 0;
    %jmp T_6.1;
T_6.0 ;
    %load/vec4 v000002261e3dd7a0_0;
    %addi 1, 0, 32;
    %assign/vec4 v000002261e3dd7a0_0, 0;
T_6.1 ;
    %load/vec4 v000002261e3dd0c0_0;
    %dup/vec4;
    %pushi/vec4 0, 0, 1;
    %cmp/u;
    %jmp/1 T_6.2, 6;
    %dup/vec4;
    %pushi/vec4 1, 0, 1;
    %cmp/u;
    %jmp/1 T_6.3, 6;
    %jmp T_6.4;
T_6.2 ;
    %load/vec4 v000002261e3dd7a0_0;
    %cmpi/u 50000, 0, 32;
    %flag_or 5, 4;
    %jmp/0xz  T_6.5, 5;
    %pushi/vec4 1, 0, 1;
    %assign/vec4 v000002261e3dc9e0_0, 0;
    %jmp T_6.6;
T_6.5 ;
    %pushi/vec4 0, 0, 1;
    %assign/vec4 v000002261e3dc9e0_0, 0;
T_6.6 ;
    %jmp T_6.4;
T_6.3 ;
    %load/vec4 v000002261e3dd7a0_0;
    %cmpi/u 25000, 0, 32;
    %flag_or 5, 4;
    %jmp/0xz  T_6.7, 5;
    %pushi/vec4 1, 0, 1;
    %assign/vec4 v000002261e3dc9e0_0, 0;
    %jmp T_6.8;
T_6.7 ;
    %pushi/vec4 0, 0, 1;
    %assign/vec4 v000002261e3dc9e0_0, 0;
T_6.8 ;
    %jmp T_6.4;
T_6.4 ;
    %pop/vec4 1;
    %jmp T_6;
    .thread T_6;
    .scope S_000002261e380e90;
T_7 ;
    %pushi/vec4 0, 0, 2;
    %store/vec4 v000002261e3dcee0_0, 0, 2;
    %pushi/vec4 0, 0, 1;
    %store/vec4 v000002261e3dd3e0_0, 0, 1;
    %pushi/vec4 0, 0, 32;
    %store/vec4 v000002261e3dcc60_0, 0, 32;
    %end;
    .thread T_7;
    .scope S_000002261e380e90;
T_8 ;
    %wait E_000002261e36d8c0;
    %load/vec4 v000002261e3dd200_0;
    %flag_set/vec4 9;
    %flag_get/vec4 9;
    %jmp/0 T_8.2, 9;
    %load/vec4 v000002261e3dd3e0_0;
    %nor/r;
    %and;
T_8.2;
    %flag_set/vec4 8;
    %jmp/0xz  T_8.0, 8;
    %pushi/vec4 1, 0, 1;
    %assign/vec4 v000002261e3dd3e0_0, 0;
    %load/vec4 v000002261e3dd020_0;
    %flag_set/vec4 8;
    %jmp/0xz  T_8.3, 8;
    %pushi/vec4 2, 0, 2;
    %assign/vec4 v000002261e3dcee0_0, 0;
    %jmp T_8.4;
T_8.3 ;
    %load/vec4 v000002261e3dcbc0_0;
    %flag_set/vec4 8;
    %jmp/0xz  T_8.5, 8;
    %pushi/vec4 1, 0, 2;
    %assign/vec4 v000002261e3dcee0_0, 0;
    %jmp T_8.6;
T_8.5 ;
    %pushi/vec4 0, 0, 2;
    %assign/vec4 v000002261e3dcee0_0, 0;
T_8.6 ;
T_8.4 ;
    %jmp T_8.1;
T_8.0 ;
    %load/vec4 v000002261e3dd3e0_0;
    %flag_set/vec4 9;
    %flag_get/vec4 9;
    %jmp/0 T_8.9, 9;
    %load/vec4 v000002261e3dcc60_0;
    %cmpi/u 50000000, 0, 32;
    %flag_get/vec4 5;
    %and;
T_8.9;
    %flag_set/vec4 8;
    %jmp/0xz  T_8.7, 8;
    %load/vec4 v000002261e3dcc60_0;
    %addi 1, 0, 32;
    %assign/vec4 v000002261e3dcc60_0, 0;
    %jmp T_8.8;
T_8.7 ;
    %load/vec4 v000002261e3dd3e0_0;
    %flag_set/vec4 9;
    %flag_get/vec4 9;
    %jmp/0 T_8.12, 9;
    %pushi/vec4 50000000, 0, 32;
    %load/vec4 v000002261e3dcc60_0;
    %cmp/u;
    %flag_get/vec4 4;
    %flag_get/vec4 5;
    %or;
    %and;
T_8.12;
    %flag_set/vec4 8;
    %jmp/0xz  T_8.10, 8;
    %pushi/vec4 0, 0, 2;
    %assign/vec4 v000002261e3dcee0_0, 0;
    %pushi/vec4 0, 0, 1;
    %assign/vec4 v000002261e3dd3e0_0, 0;
    %pushi/vec4 0, 0, 32;
    %assign/vec4 v000002261e3dcc60_0, 0;
T_8.10 ;
T_8.8 ;
T_8.1 ;
    %jmp T_8;
    .thread T_8;
# The file index is used to find the file name in the following table.
:file_names 5;
    "N/A";
    "<interactive>";
    "top.v";
    "././sensor_finish.v";
    "././servomotor_finish.v";
